# JRE version: OpenJDK Runtime Environment (8.0_265-b01) (build 1.8.0_265-b01)
# Java VM: OpenJDK 64-Bit Server VM (25.265-b01 mixed mode windows-amd64 compressed oops)
Heap:
 PSYoungGen      total 76288K, used 45338K [0x000000076b500000, 0x0000000771f00000, 0x00000007c0000000)
  eden space 65536K, 58% used [0x000000076b500000,0x000000076da35d48,0x000000076f500000)
  from space 10752K, 67% used [0x000000076f500000,0x000000076fc10d28,0x000000076ff80000)
  to   space 10752K, 0% used [0x0000000771480000,0x0000000771480000,0x0000000771f00000)
 ParOldGen       total 121344K, used 11558K [0x00000006c1e00000, 0x00000006c9480000, 0x000000076b500000)
  object space 121344K, 9% used [0x00000006c1e00000,0x00000006c2949b78,0x00000006c9480000)
 Metaspace       used 27805K, capacity 29242K, committed 29312K, reserved 1075200K
  class space    used 3601K, capacity 3906K, committed 3968K, reserved 1048576K
GC Heap History (8 events):
Event: 2.732 GC heap before
{Heap before GC invocations=1 (full 0):
 PSYoungGen      total 76288K, used 65536K [0x000000076b500000, 0x0000000770a00000, 0x00000007c0000000)
  eden space 65536K, 100% used [0x000000076b500000,0x000000076f500000,0x000000076f500000)
  from space 10752K, 0% used [0x000000076ff80000,0x000000076ff80000,0x0000000770a00000)
  to   space 10752K, 0% used [0x000000076f500000,0x000000076f500000,0x000000076ff80000)
 ParOldGen       total 175104K, used 0K [0x00000006c1e00000, 0x00000006cc900000, 0x000000076b500000)
  object space 175104K, 0% used [0x00000006c1e00000,0x00000006c1e00000,0x00000006cc900000)
 Metaspace       used 15398K, capacity 16002K, committed 16128K, reserved 1062912K
  class space    used 2035K, capacity 2192K, committed 2304K, reserved 1048576K
Event: 2.748 GC heap after
Heap after GC invocations=1 (full 0):
 PSYoungGen      total 76288K, used 10742K [0x000000076b500000, 0x0000000770a00000, 0x00000007c0000000)
  eden space 65536K, 0% used [0x000000076b500000,0x000000076b500000,0x000000076f500000)
  from space 10752K, 99% used [0x000000076f500000,0x000000076ff7d838,0x000000076ff80000)
  to   space 10752K, 0% used [0x000000076ff80000,0x000000076ff80000,0x0000000770a00000)
 ParOldGen       total 175104K, used 549K [0x00000006c1e00000, 0x00000006cc900000, 0x000000076b500000)
  object space 175104K, 0% used [0x00000006c1e00000,0x00000006c1e89450,0x00000006cc900000)
 Metaspace       used 15398K, capacity 16002K, committed 16128K, reserved 1062912K
  class space    used 2035K, capacity 2192K, committed 2304K, reserved 1048576K
}
Event: 4.717 GC heap before
{Heap before GC invocations=2 (full 0):
 PSYoungGen      total 76288K, used 39544K [0x000000076b500000, 0x0000000770a00000, 0x00000007c0000000)
  eden space 65536K, 43% used [0x000000076b500000,0x000000076d120b28,0x000000076f500000)
  from space 10752K, 99% used [0x000000076f500000,0x000000076ff7d838,0x000000076ff80000)
  to   space 10752K, 0% used [0x000000076ff80000,0x000000076ff80000,0x0000000770a00000)
 ParOldGen       total 175104K, used 549K [0x00000006c1e00000, 0x00000006cc900000, 0x000000076b500000)
  object space 175104K, 0% used [0x00000006c1e00000,0x00000006c1e89450,0x00000006cc900000)
 Metaspace       used 20360K, capacity 21176K, committed 21296K, reserved 1067008K
  class space    used 2688K, capacity 2885K, committed 2944K, reserved 1048576K
Event: 4.731 GC heap after
Heap after GC invocations=2 (full 0):
 PSYoungGen      total 76288K, used 10751K [0x000000076b500000, 0x0000000770a00000, 0x00000007c0000000)
  eden space 65536K, 0% used [0x000000076b500000,0x000000076b500000,0x000000076f500000)
  from space 10752K, 99% used [0x000000076ff80000,0x00000007709ffd88,0x0000000770a00000)
  to   space 10752K, 0% used [0x000000076f500000,0x000000076f500000,0x000000076ff80000)
 ParOldGen       total 175104K, used 3520K [0x00000006c1e00000, 0x00000006cc900000, 0x000000076b500000)
  object space 175104K, 2% used [0x00000006c1e00000,0x00000006c2170138,0x00000006cc900000)
 Metaspace       used 20360K, capacity 21176K, committed 21296K, reserved 1067008K
  class space    used 2688K, capacity 2885K, committed 2944K, reserved 1048576K
}
Event: 4.731 GC heap before
{Heap before GC invocations=3 (full 1):
 PSYoungGen      total 76288K, used 10751K [0x000000076b500000, 0x0000000770a00000, 0x00000007c0000000)
  eden space 65536K, 0% used [0x000000076b500000,0x000000076b500000,0x000000076f500000)
  from space 10752K, 99% used [0x000000076ff80000,0x00000007709ffd88,0x0000000770a00000)
  to   space 10752K, 0% used [0x000000076f500000,0x000000076f500000,0x000000076ff80000)
 ParOldGen       total 175104K, used 3520K [0x00000006c1e00000, 0x00000006cc900000, 0x000000076b500000)
  object space 175104K, 2% used [0x00000006c1e00000,0x00000006c2170138,0x00000006cc900000)
 Metaspace       used 20360K, capacity 21176K, committed 21296K, reserved 1067008K
  class space    used 2688K, capacity 2885K, committed 2944K, reserved 1048576K
Event: 4.782 GC heap after
Heap after GC invocations=3 (full 1):
 PSYoungGen      total 76288K, used 0K [0x000000076b500000, 0x0000000770a00000, 0x00000007c0000000)
  eden space 65536K, 0% used [0x000000076b500000,0x000000076b500000,0x000000076f500000)
  from space 10752K, 0% used [0x000000076ff80000,0x000000076ff80000,0x0000000770a00000)
  to   space 10752K, 0% used [0x000000076f500000,0x000000076f500000,0x000000076ff80000)
 ParOldGen       total 121344K, used 11550K [0x00000006c1e00000, 0x00000006c9480000, 0x000000076b500000)
  object space 121344K, 9% used [0x00000006c1e00000,0x00000006c2947b78,0x00000006c9480000)
 Metaspace       used 20360K, capacity 21176K, committed 21296K, reserved 1067008K
  class space    used 2688K, capacity 2885K, committed 2944K, reserved 1048576K
}
Event: 8.877 GC heap before
{Heap before GC invocations=4 (full 1):
 PSYoungGen      total 76288K, used 65536K [0x000000076b500000, 0x0000000770a00000, 0x00000007c0000000)
  eden space 65536K, 100% used [0x000000076b500000,0x000000076f500000,0x000000076f500000)
  from space 10752K, 0% used [0x000000076ff80000,0x000000076ff80000,0x0000000770a00000)
  to   space 10752K, 0% used [0x000000076f500000,0x000000076f500000,0x000000076ff80000)
 ParOldGen       total 121344K, used 11550K [0x00000006c1e00000, 0x00000006c9480000, 0x000000076b500000)
  object space 121344K, 9% used [0x00000006c1e00000,0x00000006c2947b78,0x00000006c9480000)
 Metaspace       used 26795K, capacity 27982K, committed 28160K, reserved 1073152K
  class space    used 3443K, capacity 3716K, committed 3840K, reserved 1048576K
Event: 8.885 GC heap after
Heap after GC invocations=4 (full 1):
 PSYoungGen      total 76288K, used 7235K [0x000000076b500000, 0x0000000771f00000, 0x00000007c0000000)
  eden space 65536K, 0% used [0x000000076b500000,0x000000076b500000,0x000000076f500000)
  from space 10752K, 67% used [0x000000076f500000,0x000000076fc10d28,0x000000076ff80000)
  to   space 10752K, 0% used [0x0000000771480000,0x0000000771480000,0x0000000771f00000)
 ParOldGen       total 121344K, used 11558K [0x00000006c1e00000, 0x00000006c9480000, 0x000000076b500000)
  object space 121344K, 9% used [0x00000006c1e00000,0x00000006c2949b78,0x00000006c9480000)
 Metaspace       used 26795K, capacity 27982K, committed 28160K, reserved 1073152K
  class space    used 3443K, capacity 3716K, committed 3840K, reserved 1048576K
}

